c:\users\nuc\source\repos\voukoder\premiere\x64\debug\vc141.pdb
c:\users\nuc\source\repos\voukoder\premiere\x64\debug\vc141.idb
c:\users\nuc\source\repos\voukoder\premiere\x64\debug\encodercontext.obj
c:\users\nuc\source\repos\voukoder\premiere\x64\debug\encoderinfo.obj
c:\users\nuc\source\repos\voukoder\premiere\x64\debug\encoderconfig.obj
c:\users\nuc\source\repos\voukoder\premiere\x64\debug\common.obj
c:\users\nuc\source\repos\voukoder\premiere\x64\debug\muxerinfo.obj
c:\users\nuc\source\repos\voukoder\premiere\x64\debug\videorenderer.obj
c:\users\nuc\source\repos\voukoder\premiere\x64\debug\voukoder.obj
c:\users\nuc\source\repos\voukoder\premiere\x64\debug\encoder.obj
c:\users\nuc\source\repos\voukoder\premiere\x64\debug\framefilter.obj
c:\users\nuc\source\repos\voukoder\premiere\x64\debug\settings.obj
c:\users\nuc\source\repos\voukoder\premiere\x64\debug\voukoder.prm
c:\users\nuc\source\repos\voukoder\premiere\x64\debug\voukoder.pdb
c:\users\nuc\source\repos\voukoder\premiere\x64\debug\voukoder.lib
c:\users\nuc\source\repos\voukoder\premiere\x64\debug\voukoder.exp
c:\users\nuc\source\repos\voukoder\premiere\x64\debug\premiere.res
c:\users\nuc\source\repos\voukoder\\premiere\x64\debug\voukoder.pdb
c:\users\nuc\source\repos\voukoder\\premiere\x64\debug\voukoder.prm
c:\users\nuc\source\repos\voukoder\premiere\x64\debug\premiere.tlog\cl.command.1.tlog
c:\users\nuc\source\repos\voukoder\premiere\x64\debug\premiere.tlog\cl.read.1.tlog
c:\users\nuc\source\repos\voukoder\premiere\x64\debug\premiere.tlog\cl.write.1.tlog
c:\users\nuc\source\repos\voukoder\premiere\x64\debug\premiere.tlog\link.command.1.tlog
c:\users\nuc\source\repos\voukoder\premiere\x64\debug\premiere.tlog\link.read.1.tlog
c:\users\nuc\source\repos\voukoder\premiere\x64\debug\premiere.tlog\link.write.1.tlog
c:\users\nuc\source\repos\voukoder\premiere\x64\debug\premiere.tlog\premiere.write.1u.tlog
c:\users\nuc\source\repos\voukoder\premiere\x64\debug\premiere.tlog\rc.command.1.tlog
c:\users\nuc\source\repos\voukoder\premiere\x64\debug\premiere.tlog\rc.read.1.tlog
c:\users\nuc\source\repos\voukoder\premiere\x64\debug\premiere.tlog\rc.write.1.tlog
