c:\users\nuc\source\repos\voukoder\premiere\x64\release\vc141.pdb
c:\users\nuc\source\repos\voukoder\premiere\x64\release\settings.obj
c:\users\nuc\source\repos\voukoder\premiere\x64\release\framefilter.obj
c:\users\nuc\source\repos\voukoder\premiere\x64\release\encoder.obj
c:\users\nuc\source\repos\voukoder\premiere\x64\release\voukoder.obj
c:\users\nuc\source\repos\voukoder\premiere\x64\release\videorenderer.obj
c:\users\nuc\source\repos\voukoder\premiere\x64\release\muxerinfo.obj
c:\users\nuc\source\repos\voukoder\premiere\x64\release\instructionset.obj
c:\users\nuc\source\repos\voukoder\premiere\x64\release\common.obj
c:\users\nuc\source\repos\voukoder\premiere\x64\release\encoderconfig.obj
c:\users\nuc\source\repos\voukoder\premiere\x64\release\encoderinfo.obj
c:\users\nuc\source\repos\voukoder\premiere\x64\release\encodercontext.obj
c:\users\nuc\source\repos\voukoder\premiere\x64\release\voukoder.prm
c:\users\nuc\source\repos\voukoder\premiere\x64\release\voukoder.pdb
c:\users\nuc\source\repos\voukoder\premiere\x64\release\voukoder.lib
c:\users\nuc\source\repos\voukoder\premiere\x64\release\voukoder.exp
c:\users\nuc\source\repos\voukoder\premiere\x64\release\voukoder.ipdb
c:\users\nuc\source\repos\voukoder\premiere\x64\release\voukoder.iobj
c:\users\nuc\source\repos\voukoder\premiere\x64\release\premiere.res
c:\users\nuc\source\repos\voukoder\\premiere\x64\release\voukoder.pdb
c:\users\nuc\source\repos\voukoder\\premiere\x64\release\voukoder.prm
c:\users\nuc\source\repos\voukoder\premiere\x64\release\premiere.tlog\cl.command.1.tlog
c:\users\nuc\source\repos\voukoder\premiere\x64\release\premiere.tlog\cl.read.1.tlog
c:\users\nuc\source\repos\voukoder\premiere\x64\release\premiere.tlog\cl.write.1.tlog
c:\users\nuc\source\repos\voukoder\premiere\x64\release\premiere.tlog\link.command.1.tlog
c:\users\nuc\source\repos\voukoder\premiere\x64\release\premiere.tlog\link.read.1.tlog
c:\users\nuc\source\repos\voukoder\premiere\x64\release\premiere.tlog\link.write.1.tlog
c:\users\nuc\source\repos\voukoder\premiere\x64\release\premiere.tlog\premiere.write.1u.tlog
c:\users\nuc\source\repos\voukoder\premiere\x64\release\premiere.tlog\rc.command.1.tlog
c:\users\nuc\source\repos\voukoder\premiere\x64\release\premiere.tlog\rc.read.1.tlog
c:\users\nuc\source\repos\voukoder\premiere\x64\release\premiere.tlog\rc.write.1.tlog
